2023-10-11 09:44:34 [main] INFO - Starting P6eCoatFileApplication using Java 17.0.7 with PID 17252 (D:\CodeContents\github\p6e-coat-file\p6e-coat-starter-file\target\classes started by a1294 in D:\CodeContents\github\p6e-coat-file)
2023-10-11 09:44:34 [main] INFO - No active profile set, falling back to 1 default profile: "default"
2023-10-11 09:44:35 [main] INFO - [ FILE CLEAN ] INIT ==> HT: 5 MT: 3 >>> XXXX-XX-XX 05:3X:XX
2023-10-11 09:44:35 [main] WARN - Exception encountered during context initialization - cancelling refresh attempt: org.springframework.beans.factory.UnsatisfiedDependencyException: Error creating bean with name 'closeUploadHandlerFunction' defined in file [D:\CodeContents\github\p6e-coat-file\p6e-coat-starter-file\target\classes\club\p6e\coat\file\handler\CloseUploadHandlerFunction.class]: Unsatisfied dependency expressed through constructor parameter 1: Error creating bean with name 'closeUploadServiceImpl' defined in file [D:\CodeContents\github\p6e-coat-file\p6e-coat-starter-file\target\classes\club\p6e\coat\file\service\impl\CloseUploadServiceImpl.class]: Unsatisfied dependency expressed through constructor parameter 2: Error creating bean with name 'uploadRepository' defined in file [D:\CodeContents\github\p6e-coat-file\p6e-coat-starter-file\target\classes\club\p6e\coat\file\repository\UploadRepository.class]: Unsatisfied dependency expressed through constructor parameter 0: Error creating bean with name 'connectionFactory' defined in class path resource [org/springframework/boot/autoconfigure/r2dbc/ConnectionFactoryConfigurations$GenericConfiguration.class]: Failed to instantiate [io.r2dbc.spi.ConnectionFactory]: Factory method 'connectionFactory' threw exception with message: R2DBC connection pooling has been configured but the io.r2dbc.pool.ConnectionPool class is not present.
2023-10-11 09:44:35 [main] INFO - 

Error starting ApplicationContext. To display the condition evaluation report re-run your application with 'debug' enabled.
2023-10-11 09:44:35 [main] ERROR - 

***************************
APPLICATION FAILED TO START
***************************

Description:

R2DBC connection pooling has been configured but the io.r2dbc.pool.ConnectionPool class is not present.

Action:

Update your application's build to depend on io.r2dbc:r2dbc-pool or your application's configuration to disable R2DBC connection pooling.

2023-10-11 11:21:45 [main] INFO - Starting P6eCoatFileApplication using Java 17.0.7 with PID 29012 (D:\CodeContents\github\p6e-coat-file\p6e-coat-starter-file\target\classes started by a1294 in D:\CodeContents\github\p6e-coat-file)
2023-10-11 11:21:45 [main] INFO - No active profile set, falling back to 1 default profile: "default"
2023-10-11 11:21:46 [main] WARN - Exception encountered during context initialization - cancelling refresh attempt: org.springframework.beans.factory.UnsatisfiedDependencyException: Error creating bean with name 'closeUploadHandlerFunction' defined in file [D:\CodeContents\github\p6e-coat-file\p6e-coat-starter-file\target\classes\club\p6e\coat\file\handler\CloseUploadHandlerFunction.class]: Unsatisfied dependency expressed through constructor parameter 1: Error creating bean with name 'closeUploadServiceImpl' defined in file [D:\CodeContents\github\p6e-coat-file\p6e-coat-starter-file\target\classes\club\p6e\coat\file\service\impl\CloseUploadServiceImpl.class]: Unsatisfied dependency expressed through constructor parameter 1: Error creating bean with name 'uploadRepository' defined in file [D:\CodeContents\github\p6e-coat-file\p6e-coat-starter-file\target\classes\club\p6e\coat\file\repository\UploadRepository.class]: Unsatisfied dependency expressed through constructor parameter 0: Error creating bean with name 'connectionFactory' defined in class path resource [org/springframework/boot/autoconfigure/r2dbc/ConnectionFactoryConfigurations$GenericConfiguration.class]: Failed to instantiate [io.r2dbc.spi.ConnectionFactory]: Factory method 'connectionFactory' threw exception with message: R2DBC connection pooling has been configured but the io.r2dbc.pool.ConnectionPool class is not present.
2023-10-11 11:21:46 [main] INFO - 

Error starting ApplicationContext. To display the condition evaluation report re-run your application with 'debug' enabled.
2023-10-11 11:21:46 [main] ERROR - 

***************************
APPLICATION FAILED TO START
***************************

Description:

R2DBC connection pooling has been configured but the io.r2dbc.pool.ConnectionPool class is not present.

Action:

Update your application's build to depend on io.r2dbc:r2dbc-pool or your application's configuration to disable R2DBC connection pooling.

